{"E:\\github\\util-es\\src\\cookies.ts": {"path":"E:\\github\\util-es\\src\\cookies.ts","statementMap":{"0":{"start":{"line":10,"column":18},"end":{"line":10,"column":28}},"1":{"start":{"line":11,"column":8},"end":{"line":11,"column":46}},"2":{"start":{"line":12,"column":24},"end":{"line":12,"column":52}},"3":{"start":{"line":13,"column":8},"end":{"line":13,"column":63}},"4":{"start":{"line":21,"column":21},"end":{"line":21,"column":32}},"5":{"start":{"line":22,"column":19},"end":{"line":22,"column":45}},"6":{"start":{"line":23,"column":8},"end":{"line":26,"column":9}},"7":{"start":{"line":23,"column":21},"end":{"line":23,"column":22}},"8":{"start":{"line":24,"column":22},"end":{"line":24,"column":34}},"9":{"start":{"line":25,"column":12},"end":{"line":25,"column":80}},"10":{"start":{"line":25,"column":39},"end":{"line":25,"column":80}},"11":{"start":{"line":27,"column":8},"end":{"line":27,"column":17}},"12":{"start":{"line":34,"column":8},"end":{"line":34,"column":76}}},"fnMap":{"0":{"name":"(anonymous_0)","decl":{"start":{"line":9,"column":9},"end":{"line":9,"column":10}},"loc":{"start":{"line":9,"column":67},"end":{"line":14,"column":5}},"line":9},"1":{"name":"(anonymous_1)","decl":{"start":{"line":20,"column":9},"end":{"line":20,"column":10}},"loc":{"start":{"line":20,"column":36},"end":{"line":28,"column":5}},"line":20},"2":{"name":"(anonymous_2)","decl":{"start":{"line":33,"column":12},"end":{"line":33,"column":13}},"loc":{"start":{"line":33,"column":31},"end":{"line":35,"column":5}},"line":33}},"branchMap":{"0":{"loc":{"start":{"line":25,"column":12},"end":{"line":25,"column":80}},"type":"if","locations":[{"start":{"line":25,"column":12},"end":{"line":25,"column":80}},{"start":{"line":25,"column":12},"end":{"line":25,"column":80}}],"line":25}},"s":{"0":2,"1":2,"2":2,"3":2,"4":4,"5":4,"6":4,"7":4,"8":5,"9":5,"10":2,"11":2,"12":1},"f":{"0":2,"1":4,"2":1},"b":{"0":[2,3]},"_coverageSchema":"1a1c01bbd47fc00a2c39e90264f33305004495a9","hash":"5b243bfda3943b5a76897718ab16ab576b1464da"}
,"E:\\github\\util-es\\src\\index.ts": {"path":"E:\\github\\util-es\\src\\index.ts","statementMap":{"0":{"start":{"line":8,"column":12},"end":{"line":8,"column":64}}},"fnMap":{},"branchMap":{},"s":{"0":6},"f":{},"b":{},"_coverageSchema":"1a1c01bbd47fc00a2c39e90264f33305004495a9","hash":"aa5fb07cd8df7dbad3d700d57a958dcf81564f47"}
,"E:\\github\\util-es\\src\\isEmpty.ts": {"path":"E:\\github\\util-es\\src\\isEmpty.ts","statementMap":{"0":{"start":{"line":7,"column":4},"end":{"line":7,"column":37}},"1":{"start":{"line":7,"column":24},"end":{"line":7,"column":37}},"2":{"start":{"line":8,"column":4},"end":{"line":8,"column":47}},"3":{"start":{"line":8,"column":29},"end":{"line":8,"column":47}},"4":{"start":{"line":9,"column":17},"end":{"line":9,"column":81}},"5":{"start":{"line":10,"column":4},"end":{"line":11,"column":20}},"6":{"start":{"line":10,"column":56},"end":{"line":10,"column":71}},"7":{"start":{"line":11,"column":9},"end":{"line":11,"column":20}},"8":{"start":{"line":19,"column":16},"end":{"line":33,"column":1}},"9":{"start":{"line":20,"column":17},"end":{"line":20,"column":31}},"10":{"start":{"line":22,"column":4},"end":{"line":22,"column":60}},"11":{"start":{"line":22,"column":49},"end":{"line":22,"column":60}},"12":{"start":{"line":24,"column":4},"end":{"line":24,"column":75}},"13":{"start":{"line":24,"column":55},"end":{"line":24,"column":75}},"14":{"start":{"line":26,"column":4},"end":{"line":26,"column":60}},"15":{"start":{"line":26,"column":42},"end":{"line":26,"column":60}},"16":{"start":{"line":28,"column":4},"end":{"line":28,"column":76}},"17":{"start":{"line":28,"column":64},"end":{"line":28,"column":76}},"18":{"start":{"line":30,"column":4},"end":{"line":30,"column":73}},"19":{"start":{"line":30,"column":62},"end":{"line":30,"column":73}},"20":{"start":{"line":31,"column":4},"end":{"line":31,"column":55}},"21":{"start":{"line":32,"column":4},"end":{"line":32,"column":16}}},"fnMap":{"0":{"name":"getType","decl":{"start":{"line":6,"column":9},"end":{"line":6,"column":16}},"loc":{"start":{"line":6,"column":37},"end":{"line":12,"column":1}},"line":6},"1":{"name":"(anonymous_1)","decl":{"start":{"line":19,"column":16},"end":{"line":19,"column":17}},"loc":{"start":{"line":19,"column":47},"end":{"line":33,"column":1}},"line":19}},"branchMap":{"0":{"loc":{"start":{"line":7,"column":4},"end":{"line":7,"column":37}},"type":"if","locations":[{"start":{"line":7,"column":4},"end":{"line":7,"column":37}},{"start":{"line":7,"column":4},"end":{"line":7,"column":37}}],"line":7},"1":{"loc":{"start":{"line":8,"column":4},"end":{"line":8,"column":47}},"type":"if","locations":[{"start":{"line":8,"column":4},"end":{"line":8,"column":47}},{"start":{"line":8,"column":4},"end":{"line":8,"column":47}}],"line":8},"2":{"loc":{"start":{"line":10,"column":4},"end":{"line":11,"column":20}},"type":"if","locations":[{"start":{"line":10,"column":4},"end":{"line":11,"column":20}},{"start":{"line":10,"column":4},"end":{"line":11,"column":20}}],"line":10},"3":{"loc":{"start":{"line":10,"column":8},"end":{"line":10,"column":54}},"type":"binary-expr","locations":[{"start":{"line":10,"column":8},"end":{"line":10,"column":25}},{"start":{"line":10,"column":29},"end":{"line":10,"column":54}}],"line":10},"4":{"loc":{"start":{"line":22,"column":4},"end":{"line":22,"column":60}},"type":"if","locations":[{"start":{"line":22,"column":4},"end":{"line":22,"column":60}},{"start":{"line":22,"column":4},"end":{"line":22,"column":60}}],"line":22},"5":{"loc":{"start":{"line":22,"column":8},"end":{"line":22,"column":47}},"type":"binary-expr","locations":[{"start":{"line":22,"column":8},"end":{"line":22,"column":23}},{"start":{"line":22,"column":27},"end":{"line":22,"column":47}}],"line":22},"6":{"loc":{"start":{"line":24,"column":4},"end":{"line":24,"column":75}},"type":"if","locations":[{"start":{"line":24,"column":4},"end":{"line":24,"column":75}},{"start":{"line":24,"column":4},"end":{"line":24,"column":75}}],"line":24},"7":{"loc":{"start":{"line":24,"column":8},"end":{"line":24,"column":53}},"type":"binary-expr","locations":[{"start":{"line":24,"column":8},"end":{"line":24,"column":24}},{"start":{"line":24,"column":28},"end":{"line":24,"column":53}}],"line":24},"8":{"loc":{"start":{"line":26,"column":4},"end":{"line":26,"column":60}},"type":"if","locations":[{"start":{"line":26,"column":4},"end":{"line":26,"column":60}},{"start":{"line":26,"column":4},"end":{"line":26,"column":60}}],"line":26},"9":{"loc":{"start":{"line":26,"column":8},"end":{"line":26,"column":40}},"type":"binary-expr","locations":[{"start":{"line":26,"column":8},"end":{"line":26,"column":22}},{"start":{"line":26,"column":26},"end":{"line":26,"column":40}}],"line":26},"10":{"loc":{"start":{"line":28,"column":4},"end":{"line":28,"column":76}},"type":"if","locations":[{"start":{"line":28,"column":4},"end":{"line":28,"column":76}},{"start":{"line":28,"column":4},"end":{"line":28,"column":76}}],"line":28},"11":{"loc":{"start":{"line":30,"column":4},"end":{"line":30,"column":73}},"type":"if","locations":[{"start":{"line":30,"column":4},"end":{"line":30,"column":73}},{"start":{"line":30,"column":4},"end":{"line":30,"column":73}}],"line":30},"12":{"loc":{"start":{"line":30,"column":8},"end":{"line":30,"column":60}},"type":"binary-expr","locations":[{"start":{"line":30,"column":8},"end":{"line":30,"column":25}},{"start":{"line":30,"column":29},"end":{"line":30,"column":60}}],"line":30}},"s":{"0":12,"1":1,"2":11,"3":1,"4":10,"5":10,"6":1,"7":9,"8":6,"9":12,"10":12,"11":2,"12":10,"13":3,"14":7,"15":2,"16":5,"17":2,"18":3,"19":2,"20":1,"21":1},"f":{"0":12,"1":12},"b":{"0":[1,11],"1":[1,10],"2":[1,9],"3":[10,3],"4":[2,10],"5":[12,11],"6":[3,7],"7":[10,9],"8":[2,5],"9":[7,6],"10":[2,3],"11":[2,1],"12":[3,2]},"_coverageSchema":"1a1c01bbd47fc00a2c39e90264f33305004495a9","hash":"564b458f0e4a131dffc40966710e879799149a9d"}
,"E:\\github\\util-es\\src\\isObject.ts": {"path":"E:\\github\\util-es\\src\\isObject.ts","statementMap":{"0":{"start":{"line":6,"column":17},"end":{"line":9,"column":1}},"1":{"start":{"line":7,"column":18},"end":{"line":7,"column":30}},"2":{"start":{"line":8,"column":4},"end":{"line":8,"column":73}}},"fnMap":{"0":{"name":"(anonymous_0)","decl":{"start":{"line":6,"column":17},"end":{"line":6,"column":18}},"loc":{"start":{"line":6,"column":42},"end":{"line":9,"column":1}},"line":6}},"branchMap":{"0":{"loc":{"start":{"line":8,"column":11},"end":{"line":8,"column":73}},"type":"binary-expr","locations":[{"start":{"line":8,"column":11},"end":{"line":8,"column":25}},{"start":{"line":8,"column":30},"end":{"line":8,"column":48}},{"start":{"line":8,"column":52},"end":{"line":8,"column":72}}],"line":8}},"s":{"0":6,"1":10,"2":10},"f":{"0":10},"b":{"0":[10,9,5]},"_coverageSchema":"1a1c01bbd47fc00a2c39e90264f33305004495a9","hash":"15b1790576ec31d7d6d3eb051c1ac95279e86c2b"}
,"E:\\github\\util-es\\src\\local.ts": {"path":"E:\\github\\util-es\\src\\local.ts","statementMap":{"0":{"start":{"line":8,"column":21},"end":{"line":8,"column":25}},"1":{"start":{"line":9,"column":21},"end":{"line":9,"column":58}},"2":{"start":{"line":10,"column":20},"end":{"line":10,"column":80}},"3":{"start":{"line":11,"column":8},"end":{"line":21,"column":9}},"4":{"start":{"line":12,"column":12},"end":{"line":18,"column":13}},"5":{"start":{"line":14,"column":16},"end":{"line":14,"column":29}},"6":{"start":{"line":15,"column":16},"end":{"line":15,"column":44}},"7":{"start":{"line":17,"column":16},"end":{"line":17,"column":36}},"8":{"start":{"line":20,"column":12},"end":{"line":20,"column":27}},"9":{"start":{"line":22,"column":8},"end":{"line":22,"column":21}},"10":{"start":{"line":32,"column":26},"end":{"line":32,"column":28}},"11":{"start":{"line":33,"column":8},"end":{"line":40,"column":9}},"12":{"start":{"line":34,"column":22},"end":{"line":34,"column":32}},"13":{"start":{"line":35,"column":12},"end":{"line":35,"column":50}},"14":{"start":{"line":36,"column":12},"end":{"line":36,"column":36}},"15":{"start":{"line":37,"column":12},"end":{"line":37,"column":35}},"16":{"start":{"line":39,"column":12},"end":{"line":39,"column":31}},"17":{"start":{"line":41,"column":8},"end":{"line":41,"column":57}},"18":{"start":{"line":42,"column":8},"end":{"line":42,"column":21}},"19":{"start":{"line":49,"column":8},"end":{"line":49,"column":43}},"20":{"start":{"line":52,"column":17},"end":{"line":52,"column":37}},"21":{"start":{"line":57,"column":24},"end":{"line":57,"column":43}}},"fnMap":{"0":{"name":"(anonymous_0)","decl":{"start":{"line":7,"column":9},"end":{"line":7,"column":10}},"loc":{"start":{"line":7,"column":31},"end":{"line":23,"column":5}},"line":7},"1":{"name":"(anonymous_1)","decl":{"start":{"line":31,"column":9},"end":{"line":31,"column":10}},"loc":{"start":{"line":31,"column":78},"end":{"line":43,"column":5}},"line":31},"2":{"name":"(anonymous_2)","decl":{"start":{"line":48,"column":12},"end":{"line":48,"column":13}},"loc":{"start":{"line":48,"column":29},"end":{"line":50,"column":5}},"line":48},"3":{"name":"(anonymous_3)","decl":{"start":{"line":52,"column":11},"end":{"line":52,"column":12}},"loc":{"start":{"line":52,"column":17},"end":{"line":52,"column":37}},"line":52},"4":{"name":"(anonymous_4)","decl":{"start":{"line":57,"column":9},"end":{"line":57,"column":10}},"loc":{"start":{"line":57,"column":24},"end":{"line":57,"column":43}},"line":57}},"branchMap":{"0":{"loc":{"start":{"line":11,"column":8},"end":{"line":21,"column":9}},"type":"if","locations":[{"start":{"line":11,"column":8},"end":{"line":21,"column":9}},{"start":{"line":11,"column":8},"end":{"line":21,"column":9}}],"line":11},"1":{"loc":{"start":{"line":11,"column":12},"end":{"line":11,"column":40}},"type":"binary-expr","locations":[{"start":{"line":11,"column":12},"end":{"line":11,"column":17}},{"start":{"line":11,"column":21},"end":{"line":11,"column":40}}],"line":11},"2":{"loc":{"start":{"line":12,"column":12},"end":{"line":18,"column":13}},"type":"if","locations":[{"start":{"line":12,"column":12},"end":{"line":18,"column":13}},{"start":{"line":12,"column":12},"end":{"line":18,"column":13}}],"line":12},"3":{"loc":{"start":{"line":31,"column":23},"end":{"line":31,"column":48}},"type":"default-arg","locations":[{"start":{"line":31,"column":44},"end":{"line":31,"column":48}}],"line":31},"4":{"loc":{"start":{"line":33,"column":8},"end":{"line":40,"column":9}},"type":"if","locations":[{"start":{"line":33,"column":8},"end":{"line":40,"column":9}},{"start":{"line":33,"column":8},"end":{"line":40,"column":9}}],"line":33},"5":{"loc":{"start":{"line":49,"column":8},"end":{"line":49,"column":43}},"type":"binary-expr","locations":[{"start":{"line":49,"column":8},"end":{"line":49,"column":11}},{"start":{"line":49,"column":15},"end":{"line":49,"column":43}}],"line":49}},"s":{"0":7,"1":7,"2":7,"3":7,"4":2,"5":1,"6":1,"7":1,"8":5,"9":7,"10":4,"11":4,"12":2,"13":2,"14":2,"15":2,"16":2,"17":4,"18":4,"19":1,"20":1,"21":1},"f":{"0":7,"1":4,"2":1,"3":1,"4":1},"b":{"0":[2,5],"1":[7,3],"2":[1,1],"3":[1],"4":[2,2],"5":[1,1]},"_coverageSchema":"1a1c01bbd47fc00a2c39e90264f33305004495a9","hash":"5e1c59852c638dffe4f17eb96477c148196d8d87"}
,"E:\\github\\util-es\\src\\session.ts": {"path":"E:\\github\\util-es\\src\\session.ts","statementMap":{"0":{"start":{"line":8,"column":21},"end":{"line":8,"column":25}},"1":{"start":{"line":9,"column":23},"end":{"line":9,"column":62}},"2":{"start":{"line":10,"column":20},"end":{"line":10,"column":82}},"3":{"start":{"line":11,"column":8},"end":{"line":21,"column":9}},"4":{"start":{"line":12,"column":12},"end":{"line":18,"column":13}},"5":{"start":{"line":14,"column":16},"end":{"line":14,"column":29}},"6":{"start":{"line":15,"column":16},"end":{"line":15,"column":46}},"7":{"start":{"line":17,"column":16},"end":{"line":17,"column":38}},"8":{"start":{"line":20,"column":12},"end":{"line":20,"column":29}},"9":{"start":{"line":22,"column":8},"end":{"line":22,"column":21}},"10":{"start":{"line":32,"column":26},"end":{"line":32,"column":28}},"11":{"start":{"line":33,"column":8},"end":{"line":40,"column":9}},"12":{"start":{"line":34,"column":22},"end":{"line":34,"column":32}},"13":{"start":{"line":35,"column":12},"end":{"line":35,"column":50}},"14":{"start":{"line":36,"column":12},"end":{"line":36,"column":36}},"15":{"start":{"line":37,"column":12},"end":{"line":37,"column":35}},"16":{"start":{"line":39,"column":12},"end":{"line":39,"column":31}},"17":{"start":{"line":41,"column":8},"end":{"line":41,"column":59}},"18":{"start":{"line":42,"column":8},"end":{"line":42,"column":21}},"19":{"start":{"line":50,"column":8},"end":{"line":50,"column":45}},"20":{"start":{"line":53,"column":17},"end":{"line":53,"column":39}},"21":{"start":{"line":58,"column":24},"end":{"line":58,"column":45}}},"fnMap":{"0":{"name":"(anonymous_0)","decl":{"start":{"line":7,"column":9},"end":{"line":7,"column":10}},"loc":{"start":{"line":7,"column":31},"end":{"line":23,"column":5}},"line":7},"1":{"name":"(anonymous_1)","decl":{"start":{"line":31,"column":9},"end":{"line":31,"column":10}},"loc":{"start":{"line":31,"column":75},"end":{"line":43,"column":5}},"line":31},"2":{"name":"(anonymous_2)","decl":{"start":{"line":49,"column":12},"end":{"line":49,"column":13}},"loc":{"start":{"line":49,"column":29},"end":{"line":51,"column":5}},"line":49},"3":{"name":"(anonymous_3)","decl":{"start":{"line":53,"column":11},"end":{"line":53,"column":12}},"loc":{"start":{"line":53,"column":17},"end":{"line":53,"column":39}},"line":53},"4":{"name":"(anonymous_4)","decl":{"start":{"line":58,"column":9},"end":{"line":58,"column":10}},"loc":{"start":{"line":58,"column":24},"end":{"line":58,"column":45}},"line":58}},"branchMap":{"0":{"loc":{"start":{"line":11,"column":8},"end":{"line":21,"column":9}},"type":"if","locations":[{"start":{"line":11,"column":8},"end":{"line":21,"column":9}},{"start":{"line":11,"column":8},"end":{"line":21,"column":9}}],"line":11},"1":{"loc":{"start":{"line":11,"column":12},"end":{"line":11,"column":42}},"type":"binary-expr","locations":[{"start":{"line":11,"column":12},"end":{"line":11,"column":17}},{"start":{"line":11,"column":21},"end":{"line":11,"column":42}}],"line":11},"2":{"loc":{"start":{"line":12,"column":12},"end":{"line":18,"column":13}},"type":"if","locations":[{"start":{"line":12,"column":12},"end":{"line":18,"column":13}},{"start":{"line":12,"column":12},"end":{"line":18,"column":13}}],"line":12},"3":{"loc":{"start":{"line":31,"column":23},"end":{"line":31,"column":48}},"type":"default-arg","locations":[{"start":{"line":31,"column":44},"end":{"line":31,"column":48}}],"line":31},"4":{"loc":{"start":{"line":33,"column":8},"end":{"line":40,"column":9}},"type":"if","locations":[{"start":{"line":33,"column":8},"end":{"line":40,"column":9}},{"start":{"line":33,"column":8},"end":{"line":40,"column":9}}],"line":33},"5":{"loc":{"start":{"line":50,"column":8},"end":{"line":50,"column":45}},"type":"binary-expr","locations":[{"start":{"line":50,"column":8},"end":{"line":50,"column":11}},{"start":{"line":50,"column":15},"end":{"line":50,"column":45}}],"line":50}},"s":{"0":7,"1":7,"2":7,"3":7,"4":2,"5":1,"6":1,"7":1,"8":5,"9":7,"10":4,"11":4,"12":2,"13":2,"14":2,"15":2,"16":2,"17":4,"18":4,"19":1,"20":1,"21":1},"f":{"0":7,"1":4,"2":1,"3":1,"4":1},"b":{"0":[2,5],"1":[7,3],"2":[1,1],"3":[1],"4":[2,2],"5":[1,1]},"_coverageSchema":"1a1c01bbd47fc00a2c39e90264f33305004495a9","hash":"a3b04dec70894a4512011b6bdd270c1124ecfdb8"}
,"E:\\github\\util-es\\src\\uuid.ts": {"path":"E:\\github\\util-es\\src\\uuid.ts","statementMap":{"0":{"start":{"line":10,"column":20},"end":{"line":10,"column":40}},"1":{"start":{"line":11,"column":22},"end":{"line":11,"column":60}},"2":{"start":{"line":12,"column":4},"end":{"line":12,"column":41}},"3":{"start":{"line":13,"column":25},"end":{"line":17,"column":6}},"4":{"start":{"line":14,"column":24},"end":{"line":14,"column":57}},"5":{"start":{"line":15,"column":8},"end":{"line":15,"column":30}},"6":{"start":{"line":16,"column":8},"end":{"line":16,"column":60}},"7":{"start":{"line":18,"column":4},"end":{"line":18,"column":15}}},"fnMap":{"0":{"name":"(anonymous_0)","decl":{"start":{"line":9,"column":15},"end":{"line":9,"column":16}},"loc":{"start":{"line":9,"column":48},"end":{"line":19,"column":1}},"line":9},"1":{"name":"(anonymous_1)","decl":{"start":{"line":13,"column":46},"end":{"line":13,"column":47}},"loc":{"start":{"line":13,"column":59},"end":{"line":17,"column":5}},"line":13}},"branchMap":{"0":{"loc":{"start":{"line":12,"column":4},"end":{"line":12,"column":41}},"type":"binary-expr","locations":[{"start":{"line":12,"column":4},"end":{"line":12,"column":8}},{"start":{"line":12,"column":13},"end":{"line":12,"column":40}}],"line":12},"1":{"loc":{"start":{"line":16,"column":16},"end":{"line":16,"column":46}},"type":"cond-expr","locations":[{"start":{"line":16,"column":27},"end":{"line":16,"column":28}},{"start":{"line":16,"column":31},"end":{"line":16,"column":46}}],"line":16}},"s":{"0":2,"1":2,"2":2,"3":2,"4":62,"5":62,"6":62,"7":2},"f":{"0":2,"1":62},"b":{"0":[2,1],"1":[60,2]},"_coverageSchema":"1a1c01bbd47fc00a2c39e90264f33305004495a9","hash":"e03c6ec605b952bfe3ccebf34b552d391ccd074a"}
}
