{"E:\\github\\util-es\\src\\cookies.js": {"path":"E:\\github\\util-es\\src\\cookies.js","statementMap":{"0":{"start":{"line":1,"column":18},"end":{"line":6,"column":1}},"1":{"start":{"line":2,"column":14},"end":{"line":2,"column":24}},"2":{"start":{"line":3,"column":4},"end":{"line":3,"column":42}},"3":{"start":{"line":4,"column":20},"end":{"line":4,"column":48}},"4":{"start":{"line":5,"column":4},"end":{"line":5,"column":59}},"5":{"start":{"line":8,"column":18},"end":{"line":16,"column":1}},"6":{"start":{"line":9,"column":17},"end":{"line":9,"column":28}},"7":{"start":{"line":10,"column":15},"end":{"line":10,"column":41}},"8":{"start":{"line":11,"column":4},"end":{"line":14,"column":5}},"9":{"start":{"line":11,"column":17},"end":{"line":11,"column":18}},"10":{"start":{"line":12,"column":18},"end":{"line":12,"column":30}},"11":{"start":{"line":13,"column":8},"end":{"line":13,"column":76}},"12":{"start":{"line":13,"column":35},"end":{"line":13,"column":76}},"13":{"start":{"line":15,"column":4},"end":{"line":15,"column":13}},"14":{"start":{"line":18,"column":18},"end":{"line":20,"column":1}},"15":{"start":{"line":19,"column":4},"end":{"line":19,"column":72}}},"fnMap":{"0":{"name":"(anonymous_0)","decl":{"start":{"line":1,"column":18},"end":{"line":1,"column":19}},"loc":{"start":{"line":1,"column":51},"end":{"line":6,"column":1}},"line":1},"1":{"name":"(anonymous_1)","decl":{"start":{"line":8,"column":18},"end":{"line":8,"column":19}},"loc":{"start":{"line":8,"column":35},"end":{"line":16,"column":1}},"line":8},"2":{"name":"(anonymous_2)","decl":{"start":{"line":18,"column":18},"end":{"line":18,"column":19}},"loc":{"start":{"line":18,"column":35},"end":{"line":20,"column":1}},"line":18}},"branchMap":{"0":{"loc":{"start":{"line":13,"column":8},"end":{"line":13,"column":76}},"type":"if","locations":[{"start":{"line":13,"column":8},"end":{"line":13,"column":76}},{"start":{"line":13,"column":8},"end":{"line":13,"column":76}}],"line":13}},"s":{"0":6,"1":2,"2":2,"3":2,"4":2,"5":6,"6":4,"7":4,"8":4,"9":4,"10":5,"11":5,"12":2,"13":2,"14":6,"15":1},"f":{"0":2,"1":4,"2":1},"b":{"0":[2,3]},"_coverageSchema":"1a1c01bbd47fc00a2c39e90264f33305004495a9","hash":"5afcd2a74c58ac3cebc167e07cea6870cf1c6c70"}
,"E:\\github\\util-es\\src\\index.js": {"path":"E:\\github\\util-es\\src\\index.js","statementMap":{"0":{"start":{"line":8,"column":12},"end":{"line":8,"column":64}}},"fnMap":{},"branchMap":{},"s":{"0":6},"f":{},"b":{},"_coverageSchema":"1a1c01bbd47fc00a2c39e90264f33305004495a9","hash":"84ad52b6af601ae56b23b285dc0a268d43f4aee7"}
,"E:\\github\\util-es\\src\\isEmpty.js": {"path":"E:\\github\\util-es\\src\\isEmpty.js","statementMap":{"0":{"start":{"line":6,"column":16},"end":{"line":18,"column":1}},"1":{"start":{"line":8,"column":4},"end":{"line":8,"column":58}},"2":{"start":{"line":8,"column":47},"end":{"line":8,"column":58}},"3":{"start":{"line":10,"column":4},"end":{"line":10,"column":81}},"4":{"start":{"line":10,"column":61},"end":{"line":10,"column":81}},"5":{"start":{"line":12,"column":4},"end":{"line":12,"column":72}},"6":{"start":{"line":12,"column":54},"end":{"line":12,"column":72}},"7":{"start":{"line":14,"column":4},"end":{"line":14,"column":102}},"8":{"start":{"line":14,"column":90},"end":{"line":14,"column":102}},"9":{"start":{"line":16,"column":4},"end":{"line":16,"column":81}},"10":{"start":{"line":16,"column":70},"end":{"line":16,"column":81}},"11":{"start":{"line":17,"column":4},"end":{"line":17,"column":16}}},"fnMap":{"0":{"name":"(anonymous_0)","decl":{"start":{"line":6,"column":16},"end":{"line":6,"column":17}},"loc":{"start":{"line":6,"column":33},"end":{"line":18,"column":1}},"line":6}},"branchMap":{"0":{"loc":{"start":{"line":8,"column":4},"end":{"line":8,"column":58}},"type":"if","locations":[{"start":{"line":8,"column":4},"end":{"line":8,"column":58}},{"start":{"line":8,"column":4},"end":{"line":8,"column":58}}],"line":8},"1":{"loc":{"start":{"line":8,"column":8},"end":{"line":8,"column":45}},"type":"binary-expr","locations":[{"start":{"line":8,"column":8},"end":{"line":8,"column":22}},{"start":{"line":8,"column":26},"end":{"line":8,"column":45}}],"line":8},"2":{"loc":{"start":{"line":10,"column":4},"end":{"line":10,"column":81}},"type":"if","locations":[{"start":{"line":10,"column":4},"end":{"line":10,"column":81}},{"start":{"line":10,"column":4},"end":{"line":10,"column":81}}],"line":10},"3":{"loc":{"start":{"line":10,"column":8},"end":{"line":10,"column":59}},"type":"binary-expr","locations":[{"start":{"line":10,"column":8},"end":{"line":10,"column":30}},{"start":{"line":10,"column":34},"end":{"line":10,"column":59}}],"line":10},"4":{"loc":{"start":{"line":12,"column":4},"end":{"line":12,"column":72}},"type":"if","locations":[{"start":{"line":12,"column":4},"end":{"line":12,"column":72}},{"start":{"line":12,"column":4},"end":{"line":12,"column":72}}],"line":12},"5":{"loc":{"start":{"line":12,"column":8},"end":{"line":12,"column":52}},"type":"binary-expr","locations":[{"start":{"line":12,"column":8},"end":{"line":12,"column":28}},{"start":{"line":12,"column":32},"end":{"line":12,"column":52}}],"line":12},"6":{"loc":{"start":{"line":14,"column":4},"end":{"line":14,"column":102}},"type":"if","locations":[{"start":{"line":14,"column":4},"end":{"line":14,"column":102}},{"start":{"line":14,"column":4},"end":{"line":14,"column":102}}],"line":14},"7":{"loc":{"start":{"line":14,"column":8},"end":{"line":14,"column":88}},"type":"binary-expr","locations":[{"start":{"line":14,"column":8},"end":{"line":14,"column":29}},{"start":{"line":14,"column":33},"end":{"line":14,"column":58}},{"start":{"line":14,"column":62},"end":{"line":14,"column":88}}],"line":14},"8":{"loc":{"start":{"line":16,"column":4},"end":{"line":16,"column":81}},"type":"if","locations":[{"start":{"line":16,"column":4},"end":{"line":16,"column":81}},{"start":{"line":16,"column":4},"end":{"line":16,"column":81}}],"line":16},"9":{"loc":{"start":{"line":16,"column":8},"end":{"line":16,"column":68}},"type":"binary-expr","locations":[{"start":{"line":16,"column":8},"end":{"line":16,"column":33}},{"start":{"line":16,"column":37},"end":{"line":16,"column":68}}],"line":16}},"s":{"0":6,"1":11,"2":2,"3":9,"4":3,"5":6,"6":2,"7":4,"8":2,"9":2,"10":1,"11":1},"f":{"0":11},"b":{"0":[2,9],"1":[11,10],"2":[3,6],"3":[9,8],"4":[2,4],"5":[6,5],"6":[2,2],"7":[4,4,3],"8":[1,1],"9":[2,1]},"_coverageSchema":"1a1c01bbd47fc00a2c39e90264f33305004495a9","hash":"970f63fe174e69525eb37f4efde189ada3120771"}
,"E:\\github\\util-es\\src\\isObject.js": {"path":"E:\\github\\util-es\\src\\isObject.js","statementMap":{"0":{"start":{"line":6,"column":17},"end":{"line":9,"column":1}},"1":{"start":{"line":7,"column":18},"end":{"line":7,"column":30}},"2":{"start":{"line":8,"column":4},"end":{"line":8,"column":73}}},"fnMap":{"0":{"name":"(anonymous_0)","decl":{"start":{"line":6,"column":17},"end":{"line":6,"column":18}},"loc":{"start":{"line":6,"column":34},"end":{"line":9,"column":1}},"line":6}},"branchMap":{"0":{"loc":{"start":{"line":8,"column":11},"end":{"line":8,"column":73}},"type":"binary-expr","locations":[{"start":{"line":8,"column":11},"end":{"line":8,"column":25}},{"start":{"line":8,"column":30},"end":{"line":8,"column":48}},{"start":{"line":8,"column":52},"end":{"line":8,"column":72}}],"line":8}},"s":{"0":6,"1":10,"2":10},"f":{"0":10},"b":{"0":[10,9,5]},"_coverageSchema":"1a1c01bbd47fc00a2c39e90264f33305004495a9","hash":"bed9ab33b97181f9587c4f61048def6190ebc22d"}
,"E:\\github\\util-es\\src\\local.js": {"path":"E:\\github\\util-es\\src\\local.js","statementMap":{"0":{"start":{"line":6,"column":17},"end":{"line":22,"column":1}},"1":{"start":{"line":7,"column":17},"end":{"line":7,"column":21}},"2":{"start":{"line":8,"column":17},"end":{"line":8,"column":54}},"3":{"start":{"line":9,"column":16},"end":{"line":9,"column":76}},"4":{"start":{"line":10,"column":4},"end":{"line":20,"column":5}},"5":{"start":{"line":11,"column":8},"end":{"line":17,"column":9}},"6":{"start":{"line":13,"column":12},"end":{"line":13,"column":25}},"7":{"start":{"line":14,"column":12},"end":{"line":14,"column":40}},"8":{"start":{"line":16,"column":12},"end":{"line":16,"column":32}},"9":{"start":{"line":19,"column":8},"end":{"line":19,"column":23}},"10":{"start":{"line":21,"column":4},"end":{"line":21,"column":17}},"11":{"start":{"line":31,"column":17},"end":{"line":43,"column":1}},"12":{"start":{"line":32,"column":17},"end":{"line":32,"column":19}},"13":{"start":{"line":33,"column":4},"end":{"line":40,"column":5}},"14":{"start":{"line":34,"column":18},"end":{"line":34,"column":28}},"15":{"start":{"line":35,"column":8},"end":{"line":35,"column":46}},"16":{"start":{"line":36,"column":8},"end":{"line":36,"column":32}},"17":{"start":{"line":37,"column":8},"end":{"line":37,"column":31}},"18":{"start":{"line":39,"column":8},"end":{"line":39,"column":27}},"19":{"start":{"line":41,"column":4},"end":{"line":41,"column":53}},"20":{"start":{"line":42,"column":4},"end":{"line":42,"column":17}},"21":{"start":{"line":49,"column":20},"end":{"line":51,"column":1}},"22":{"start":{"line":50,"column":4},"end":{"line":50,"column":39}},"23":{"start":{"line":57,"column":17},"end":{"line":57,"column":37}},"24":{"start":{"line":58,"column":16},"end":{"line":58,"column":35}}},"fnMap":{"0":{"name":"(anonymous_0)","decl":{"start":{"line":6,"column":17},"end":{"line":6,"column":18}},"loc":{"start":{"line":6,"column":32},"end":{"line":22,"column":1}},"line":6},"1":{"name":"(anonymous_1)","decl":{"start":{"line":31,"column":17},"end":{"line":31,"column":18}},"loc":{"start":{"line":31,"column":59},"end":{"line":43,"column":1}},"line":31},"2":{"name":"(anonymous_2)","decl":{"start":{"line":49,"column":20},"end":{"line":49,"column":21}},"loc":{"start":{"line":49,"column":35},"end":{"line":51,"column":1}},"line":49},"3":{"name":"(anonymous_3)","decl":{"start":{"line":57,"column":11},"end":{"line":57,"column":12}},"loc":{"start":{"line":57,"column":17},"end":{"line":57,"column":37}},"line":57},"4":{"name":"(anonymous_4)","decl":{"start":{"line":58,"column":9},"end":{"line":58,"column":10}},"loc":{"start":{"line":58,"column":16},"end":{"line":58,"column":35}},"line":58}},"branchMap":{"0":{"loc":{"start":{"line":10,"column":4},"end":{"line":20,"column":5}},"type":"if","locations":[{"start":{"line":10,"column":4},"end":{"line":20,"column":5}},{"start":{"line":10,"column":4},"end":{"line":20,"column":5}}],"line":10},"1":{"loc":{"start":{"line":10,"column":8},"end":{"line":10,"column":36}},"type":"binary-expr","locations":[{"start":{"line":10,"column":8},"end":{"line":10,"column":13}},{"start":{"line":10,"column":17},"end":{"line":10,"column":36}}],"line":10},"2":{"loc":{"start":{"line":11,"column":8},"end":{"line":17,"column":9}},"type":"if","locations":[{"start":{"line":11,"column":8},"end":{"line":17,"column":9}},{"start":{"line":11,"column":8},"end":{"line":17,"column":9}}],"line":11},"3":{"loc":{"start":{"line":31,"column":32},"end":{"line":31,"column":49}},"type":"default-arg","locations":[{"start":{"line":31,"column":45},"end":{"line":31,"column":49}}],"line":31},"4":{"loc":{"start":{"line":33,"column":4},"end":{"line":40,"column":5}},"type":"if","locations":[{"start":{"line":33,"column":4},"end":{"line":40,"column":5}},{"start":{"line":33,"column":4},"end":{"line":40,"column":5}}],"line":33},"5":{"loc":{"start":{"line":50,"column":4},"end":{"line":50,"column":39}},"type":"binary-expr","locations":[{"start":{"line":50,"column":4},"end":{"line":50,"column":7}},{"start":{"line":50,"column":11},"end":{"line":50,"column":39}}],"line":50}},"s":{"0":6,"1":6,"2":6,"3":6,"4":6,"5":1,"6":0,"7":0,"8":1,"9":5,"10":6,"11":6,"12":2,"13":2,"14":1,"15":1,"16":1,"17":1,"18":1,"19":2,"20":2,"21":6,"22":1,"23":1,"24":1},"f":{"0":6,"1":2,"2":1,"3":1,"4":1},"b":{"0":[1,5],"1":[6,2],"2":[0,1],"3":[0],"4":[1,1],"5":[1,1]},"_coverageSchema":"1a1c01bbd47fc00a2c39e90264f33305004495a9","hash":"be9b1585f1abb984029a50de6b76be4b2b4d13e5"}
,"E:\\github\\util-es\\src\\session.js": {"path":"E:\\github\\util-es\\src\\session.js","statementMap":{"0":{"start":{"line":6,"column":19},"end":{"line":22,"column":1}},"1":{"start":{"line":7,"column":17},"end":{"line":7,"column":21}},"2":{"start":{"line":8,"column":19},"end":{"line":8,"column":58}},"3":{"start":{"line":9,"column":16},"end":{"line":9,"column":78}},"4":{"start":{"line":10,"column":4},"end":{"line":20,"column":5}},"5":{"start":{"line":11,"column":8},"end":{"line":17,"column":9}},"6":{"start":{"line":13,"column":12},"end":{"line":13,"column":25}},"7":{"start":{"line":14,"column":12},"end":{"line":14,"column":42}},"8":{"start":{"line":16,"column":12},"end":{"line":16,"column":34}},"9":{"start":{"line":19,"column":8},"end":{"line":19,"column":25}},"10":{"start":{"line":21,"column":4},"end":{"line":21,"column":17}},"11":{"start":{"line":31,"column":19},"end":{"line":43,"column":1}},"12":{"start":{"line":32,"column":17},"end":{"line":32,"column":19}},"13":{"start":{"line":33,"column":4},"end":{"line":40,"column":5}},"14":{"start":{"line":34,"column":18},"end":{"line":34,"column":28}},"15":{"start":{"line":35,"column":8},"end":{"line":35,"column":46}},"16":{"start":{"line":36,"column":8},"end":{"line":36,"column":32}},"17":{"start":{"line":37,"column":8},"end":{"line":37,"column":31}},"18":{"start":{"line":39,"column":8},"end":{"line":39,"column":27}},"19":{"start":{"line":41,"column":4},"end":{"line":41,"column":55}},"20":{"start":{"line":42,"column":4},"end":{"line":42,"column":17}},"21":{"start":{"line":49,"column":22},"end":{"line":51,"column":1}},"22":{"start":{"line":50,"column":4},"end":{"line":50,"column":41}},"23":{"start":{"line":57,"column":17},"end":{"line":57,"column":39}},"24":{"start":{"line":58,"column":16},"end":{"line":58,"column":37}}},"fnMap":{"0":{"name":"(anonymous_0)","decl":{"start":{"line":6,"column":19},"end":{"line":6,"column":20}},"loc":{"start":{"line":6,"column":34},"end":{"line":22,"column":1}},"line":6},"1":{"name":"(anonymous_1)","decl":{"start":{"line":31,"column":19},"end":{"line":31,"column":20}},"loc":{"start":{"line":31,"column":61},"end":{"line":43,"column":1}},"line":31},"2":{"name":"(anonymous_2)","decl":{"start":{"line":49,"column":22},"end":{"line":49,"column":23}},"loc":{"start":{"line":49,"column":37},"end":{"line":51,"column":1}},"line":49},"3":{"name":"(anonymous_3)","decl":{"start":{"line":57,"column":11},"end":{"line":57,"column":12}},"loc":{"start":{"line":57,"column":17},"end":{"line":57,"column":39}},"line":57},"4":{"name":"(anonymous_4)","decl":{"start":{"line":58,"column":9},"end":{"line":58,"column":10}},"loc":{"start":{"line":58,"column":16},"end":{"line":58,"column":37}},"line":58}},"branchMap":{"0":{"loc":{"start":{"line":10,"column":4},"end":{"line":20,"column":5}},"type":"if","locations":[{"start":{"line":10,"column":4},"end":{"line":20,"column":5}},{"start":{"line":10,"column":4},"end":{"line":20,"column":5}}],"line":10},"1":{"loc":{"start":{"line":10,"column":8},"end":{"line":10,"column":38}},"type":"binary-expr","locations":[{"start":{"line":10,"column":8},"end":{"line":10,"column":13}},{"start":{"line":10,"column":17},"end":{"line":10,"column":38}}],"line":10},"2":{"loc":{"start":{"line":11,"column":8},"end":{"line":17,"column":9}},"type":"if","locations":[{"start":{"line":11,"column":8},"end":{"line":17,"column":9}},{"start":{"line":11,"column":8},"end":{"line":17,"column":9}}],"line":11},"3":{"loc":{"start":{"line":31,"column":34},"end":{"line":31,"column":51}},"type":"default-arg","locations":[{"start":{"line":31,"column":47},"end":{"line":31,"column":51}}],"line":31},"4":{"loc":{"start":{"line":33,"column":4},"end":{"line":40,"column":5}},"type":"if","locations":[{"start":{"line":33,"column":4},"end":{"line":40,"column":5}},{"start":{"line":33,"column":4},"end":{"line":40,"column":5}}],"line":33},"5":{"loc":{"start":{"line":50,"column":4},"end":{"line":50,"column":41}},"type":"binary-expr","locations":[{"start":{"line":50,"column":4},"end":{"line":50,"column":7}},{"start":{"line":50,"column":11},"end":{"line":50,"column":41}}],"line":50}},"s":{"0":6,"1":6,"2":6,"3":6,"4":6,"5":1,"6":0,"7":0,"8":1,"9":5,"10":6,"11":6,"12":2,"13":2,"14":1,"15":1,"16":1,"17":1,"18":1,"19":2,"20":2,"21":6,"22":1,"23":1,"24":1},"f":{"0":6,"1":2,"2":1,"3":1,"4":1},"b":{"0":[1,5],"1":[6,2],"2":[0,1],"3":[0],"4":[1,1],"5":[1,1]},"_coverageSchema":"1a1c01bbd47fc00a2c39e90264f33305004495a9","hash":"c2872445d676732d8677e7b3123b3802d23f8c66"}
,"E:\\github\\util-es\\src\\uuid.js": {"path":"E:\\github\\util-es\\src\\uuid.js","statementMap":{"0":{"start":{"line":5,"column":12},"end":{"line":5,"column":32}},"1":{"start":{"line":6,"column":14},"end":{"line":6,"column":52}},"2":{"start":{"line":7,"column":4},"end":{"line":7,"column":41}},"3":{"start":{"line":8,"column":17},"end":{"line":12,"column":6}},"4":{"start":{"line":9,"column":16},"end":{"line":9,"column":49}},"5":{"start":{"line":10,"column":8},"end":{"line":10,"column":30}},"6":{"start":{"line":11,"column":8},"end":{"line":11,"column":60}},"7":{"start":{"line":13,"column":4},"end":{"line":13,"column":15}}},"fnMap":{"0":{"name":"(anonymous_0)","decl":{"start":{"line":4,"column":15},"end":{"line":4,"column":16}},"loc":{"start":{"line":4,"column":30},"end":{"line":14,"column":1}},"line":4},"1":{"name":"(anonymous_1)","decl":{"start":{"line":8,"column":38},"end":{"line":8,"column":39}},"loc":{"start":{"line":8,"column":51},"end":{"line":12,"column":5}},"line":8}},"branchMap":{"0":{"loc":{"start":{"line":7,"column":4},"end":{"line":7,"column":41}},"type":"binary-expr","locations":[{"start":{"line":7,"column":4},"end":{"line":7,"column":8}},{"start":{"line":7,"column":13},"end":{"line":7,"column":40}}],"line":7},"1":{"loc":{"start":{"line":11,"column":16},"end":{"line":11,"column":46}},"type":"cond-expr","locations":[{"start":{"line":11,"column":27},"end":{"line":11,"column":28}},{"start":{"line":11,"column":31},"end":{"line":11,"column":46}}],"line":11}},"s":{"0":2,"1":2,"2":2,"3":2,"4":62,"5":62,"6":62,"7":2},"f":{"0":2,"1":62},"b":{"0":[2,1],"1":[60,2]},"_coverageSchema":"1a1c01bbd47fc00a2c39e90264f33305004495a9","hash":"c756861b00510c71548c46fc4291fb59c7fe7303"}
}
