TN:
SF:src\cookies.ts
FN:9,(anonymous_0)
FN:20,(anonymous_1)
FN:33,(anonymous_2)
FNF:3
FNH:3
FNDA:2,(anonymous_0)
FNDA:4,(anonymous_1)
FNDA:1,(anonymous_2)
DA:10,2
DA:11,2
DA:12,2
DA:13,2
DA:21,4
DA:22,4
DA:23,4
DA:24,5
DA:25,5
DA:27,2
DA:34,1
LF:11
LH:11
BRDA:25,0,0,2
BRDA:25,0,1,3
BRF:2
BRH:2
end_of_record
TN:
SF:src\index.ts
FNF:0
FNH:0
DA:8,6
LF:1
LH:1
BRF:0
BRH:0
end_of_record
TN:
SF:src\isEmpty.ts
FN:6,getType
FN:19,(anonymous_1)
FNF:2
FNH:2
FNDA:12,getType
FNDA:12,(anonymous_1)
DA:7,12
DA:8,11
DA:9,10
DA:10,10
DA:11,9
DA:19,6
DA:20,12
DA:22,12
DA:24,10
DA:26,7
DA:28,5
DA:30,3
DA:31,1
DA:32,1
LF:14
LH:14
BRDA:7,0,0,1
BRDA:7,0,1,11
BRDA:8,1,0,1
BRDA:8,1,1,10
BRDA:10,2,0,1
BRDA:10,2,1,9
BRDA:10,3,0,10
BRDA:10,3,1,3
BRDA:22,4,0,2
BRDA:22,4,1,10
BRDA:22,5,0,12
BRDA:22,5,1,11
BRDA:24,6,0,3
BRDA:24,6,1,7
BRDA:24,7,0,10
BRDA:24,7,1,9
BRDA:26,8,0,2
BRDA:26,8,1,5
BRDA:26,9,0,7
BRDA:26,9,1,6
BRDA:28,10,0,2
BRDA:28,10,1,3
BRDA:30,11,0,2
BRDA:30,11,1,1
BRDA:30,12,0,3
BRDA:30,12,1,2
BRF:26
BRH:26
end_of_record
TN:
SF:src\isObject.ts
FN:6,(anonymous_0)
FNF:1
FNH:1
FNDA:10,(anonymous_0)
DA:6,6
DA:7,10
DA:8,10
LF:3
LH:3
BRDA:8,0,0,10
BRDA:8,0,1,9
BRDA:8,0,2,5
BRF:3
BRH:3
end_of_record
TN:
SF:src\local.ts
FN:7,(anonymous_0)
FN:31,(anonymous_1)
FN:48,(anonymous_2)
FN:52,(anonymous_3)
FN:57,(anonymous_4)
FNF:5
FNH:5
FNDA:7,(anonymous_0)
FNDA:4,(anonymous_1)
FNDA:1,(anonymous_2)
FNDA:1,(anonymous_3)
FNDA:1,(anonymous_4)
DA:8,7
DA:9,7
DA:10,7
DA:11,7
DA:12,2
DA:14,1
DA:15,1
DA:17,1
DA:20,5
DA:22,7
DA:32,4
DA:33,4
DA:34,2
DA:35,2
DA:36,2
DA:37,2
DA:39,2
DA:41,4
DA:42,4
DA:49,1
DA:52,1
DA:57,1
LF:22
LH:22
BRDA:11,0,0,2
BRDA:11,0,1,5
BRDA:11,1,0,7
BRDA:11,1,1,3
BRDA:12,2,0,1
BRDA:12,2,1,1
BRDA:31,3,0,1
BRDA:33,4,0,2
BRDA:33,4,1,2
BRDA:49,5,0,1
BRDA:49,5,1,1
BRF:11
BRH:11
end_of_record
TN:
SF:src\session.ts
FN:7,(anonymous_0)
FN:31,(anonymous_1)
FN:49,(anonymous_2)
FN:53,(anonymous_3)
FN:58,(anonymous_4)
FNF:5
FNH:5
FNDA:7,(anonymous_0)
FNDA:4,(anonymous_1)
FNDA:1,(anonymous_2)
FNDA:1,(anonymous_3)
FNDA:1,(anonymous_4)
DA:8,7
DA:9,7
DA:10,7
DA:11,7
DA:12,2
DA:14,1
DA:15,1
DA:17,1
DA:20,5
DA:22,7
DA:32,4
DA:33,4
DA:34,2
DA:35,2
DA:36,2
DA:37,2
DA:39,2
DA:41,4
DA:42,4
DA:50,1
DA:53,1
DA:58,1
LF:22
LH:22
BRDA:11,0,0,2
BRDA:11,0,1,5
BRDA:11,1,0,7
BRDA:11,1,1,3
BRDA:12,2,0,1
BRDA:12,2,1,1
BRDA:31,3,0,1
BRDA:33,4,0,2
BRDA:33,4,1,2
BRDA:50,5,0,1
BRDA:50,5,1,1
BRF:11
BRH:11
end_of_record
TN:
SF:src\uuid.ts
FN:9,(anonymous_0)
FN:13,(anonymous_1)
FNF:2
FNH:2
FNDA:2,(anonymous_0)
FNDA:62,(anonymous_1)
DA:10,2
DA:11,2
DA:12,2
DA:13,2
DA:14,62
DA:15,62
DA:16,62
DA:18,2
LF:8
LH:8
BRDA:12,0,0,2
BRDA:12,0,1,1
BRDA:16,1,0,60
BRDA:16,1,1,2
BRF:4
BRH:4
end_of_record
