TN:
SF:src\cookies.js
FN:1,(anonymous_0)
FN:8,(anonymous_1)
FN:18,(anonymous_2)
FNF:3
FNH:3
FNDA:2,(anonymous_0)
FNDA:4,(anonymous_1)
FNDA:1,(anonymous_2)
DA:1,6
DA:2,2
DA:3,2
DA:4,2
DA:5,2
DA:8,6
DA:9,4
DA:10,4
DA:11,4
DA:12,5
DA:13,5
DA:15,2
DA:18,6
DA:19,1
LF:14
LH:14
BRDA:13,0,0,2
BRDA:13,0,1,3
BRF:2
BRH:2
end_of_record
TN:
SF:src\index.js
FNF:0
FNH:0
DA:8,6
LF:1
LH:1
BRF:0
BRH:0
end_of_record
TN:
SF:src\isEmpty.js
FN:7,getType
FN:14,(anonymous_1)
FNF:2
FNH:2
FNDA:12,getType
FNDA:12,(anonymous_1)
DA:8,12
DA:9,11
DA:10,10
DA:11,10
DA:12,9
DA:14,6
DA:15,12
DA:17,12
DA:19,10
DA:21,7
DA:23,5
DA:25,3
DA:26,1
DA:27,1
LF:14
LH:14
BRDA:8,0,0,1
BRDA:8,0,1,11
BRDA:9,1,0,1
BRDA:9,1,1,10
BRDA:11,2,0,1
BRDA:11,2,1,9
BRDA:11,3,0,10
BRDA:11,3,1,3
BRDA:17,4,0,2
BRDA:17,4,1,10
BRDA:17,5,0,12
BRDA:17,5,1,11
BRDA:19,6,0,3
BRDA:19,6,1,7
BRDA:19,7,0,10
BRDA:19,7,1,9
BRDA:21,8,0,2
BRDA:21,8,1,5
BRDA:21,9,0,7
BRDA:21,9,1,6
BRDA:23,10,0,2
BRDA:23,10,1,3
BRDA:25,11,0,2
BRDA:25,11,1,1
BRDA:25,12,0,3
BRDA:25,12,1,2
BRF:26
BRH:26
end_of_record
TN:
SF:src\isObject.js
FN:6,(anonymous_0)
FNF:1
FNH:1
FNDA:10,(anonymous_0)
DA:6,6
DA:7,10
DA:8,10
LF:3
LH:3
BRDA:8,0,0,10
BRDA:8,0,1,9
BRDA:8,0,2,5
BRF:3
BRH:3
end_of_record
TN:
SF:src\local.js
FN:6,(anonymous_0)
FN:31,(anonymous_1)
FN:49,(anonymous_2)
FN:57,(anonymous_3)
FN:58,(anonymous_4)
FNF:5
FNH:5
FNDA:7,(anonymous_0)
FNDA:4,(anonymous_1)
FNDA:1,(anonymous_2)
FNDA:1,(anonymous_3)
FNDA:1,(anonymous_4)
DA:6,6
DA:7,7
DA:8,7
DA:9,7
DA:10,7
DA:11,2
DA:13,1
DA:14,1
DA:16,1
DA:19,5
DA:21,7
DA:31,6
DA:32,4
DA:33,4
DA:34,2
DA:35,2
DA:36,2
DA:37,2
DA:39,2
DA:41,4
DA:42,4
DA:49,6
DA:50,1
DA:57,1
DA:58,1
LF:25
LH:25
BRDA:10,0,0,2
BRDA:10,0,1,5
BRDA:10,1,0,7
BRDA:10,1,1,3
BRDA:11,2,0,1
BRDA:11,2,1,1
BRDA:31,3,0,1
BRDA:33,4,0,2
BRDA:33,4,1,2
BRDA:50,5,0,1
BRDA:50,5,1,1
BRF:11
BRH:11
end_of_record
TN:
SF:src\session.js
FN:6,(anonymous_0)
FN:31,(anonymous_1)
FN:49,(anonymous_2)
FN:57,(anonymous_3)
FN:58,(anonymous_4)
FNF:5
FNH:5
FNDA:7,(anonymous_0)
FNDA:4,(anonymous_1)
FNDA:1,(anonymous_2)
FNDA:1,(anonymous_3)
FNDA:1,(anonymous_4)
DA:6,6
DA:7,7
DA:8,7
DA:9,7
DA:10,7
DA:11,2
DA:13,1
DA:14,1
DA:16,1
DA:19,5
DA:21,7
DA:31,6
DA:32,4
DA:33,4
DA:34,2
DA:35,2
DA:36,2
DA:37,2
DA:39,2
DA:41,4
DA:42,4
DA:49,6
DA:50,1
DA:57,1
DA:58,1
LF:25
LH:25
BRDA:10,0,0,2
BRDA:10,0,1,5
BRDA:10,1,0,7
BRDA:10,1,1,3
BRDA:11,2,0,1
BRDA:11,2,1,1
BRDA:31,3,0,1
BRDA:33,4,0,2
BRDA:33,4,1,2
BRDA:50,5,0,1
BRDA:50,5,1,1
BRF:11
BRH:11
end_of_record
TN:
SF:src\uuid.js
FN:4,(anonymous_0)
FN:8,(anonymous_1)
FNF:2
FNH:2
FNDA:2,(anonymous_0)
FNDA:62,(anonymous_1)
DA:5,2
DA:6,2
DA:7,2
DA:8,2
DA:9,62
DA:10,62
DA:11,62
DA:13,2
LF:8
LH:8
BRDA:7,0,0,2
BRDA:7,0,1,1
BRDA:11,1,0,60
BRDA:11,1,1,2
BRF:4
BRH:4
end_of_record
